<?xml version="1.0" encoding="UTF-8"?>
<!-- Generated by org.testng.reporters.JUnitXMLReporter -->
<testsuite ignored="0" hostname="Hafisa" failures="0" tests="2" name="EdgeTest" time="0.006" errors="0" timestamp="2024-02-29T16:38:13 AST">
  <testcase classname="utilities.browser_launch" name="@BeforeSuite launch" time="-1.709213893527E9">
    <failure type="org.testng.TestNGException" message="
Parameter &amp;apos;browser&amp;apos; is required by BeforeSuite on method launch but has not been marked @Optional or defined
in C:\Users\HUAWEI\eclipse-workspace\amazon_testcases\testng.xml">
      <![CDATA[org.testng.TestNGException: 
Parameter 'browser' is required by BeforeSuite on method launch but has not been marked @Optional or defined
in C:\Users\HUAWEI\eclipse-workspace\amazon_testcases\testng.xml
... Removed 16 stack frames]]>
    </failure>
  </testcase> <!-- @BeforeSuite launch -->
  <testcase classname="testcases.signin_testcase" name="testInvalidLogin" time="0.0">
    <skipped/>
  </testcase> <!-- testInvalidLogin -->
  <testcase classname="testcases.signin_testcase" name="testValidLogin" time="0.0">
    <skipped/>
  </testcase> <!-- testValidLogin -->
</testsuite> <!-- EdgeTest -->
